Start testing: Aug 10 05:04 CEST
----------------------------------------------------------
1/2 Testing: vector.t
1/2 Test: vector.t
Command: "/home/leospallacci/boids/progetto/build/vector.t"
Directory: /home/leospallacci/boids/progetto/build
"vector.t" start time: Aug 10 05:04 CEST
Output:
----------------------------------------------------------
[doctest] doctest version is "2.4.11"
[doctest] run with "--help" for options
===============================================================================
[doctest] test cases:  2 |  2 passed | 0 failed | 0 skipped
[doctest] assertions: 49 | 49 passed | 0 failed |
[doctest] Status: SUCCESS!
<end of output>
Test time =   0.01 sec
----------------------------------------------------------
Test Passed.
"vector.t" end time: Aug 10 05:04 CEST
"vector.t" time elapsed: 00:00:00
----------------------------------------------------------

2/2 Testing: boids.t
2/2 Test: boids.t
Command: "/home/leospallacci/boids/progetto/build/boids.t"
Directory: /home/leospallacci/boids/progetto/build
"boids.t" start time: Aug 10 05:04 CEST
Output:
----------------------------------------------------------
[doctest] doctest version is "2.4.11"
[doctest] run with "--help" for options
===============================================================================
/home/leospallacci/boids/progetto/boids.test.cpp:57:
TEST CASE:  Testing the boid functions
  Align function

/home/leospallacci/boids/progetto/boids.test.cpp:96: ERROR: CHECK( b1.align(boids).y == doctest::Approx(0.) ) is NOT correct!
  values: CHECK( 2 == Approx( 0 ) )

===============================================================================
/home/leospallacci/boids/progetto/boids.test.cpp:57:
TEST CASE:  Testing the boid functions
  Cohesion function

/home/leospallacci/boids/progetto/boids.test.cpp:146: ERROR: CHECK( b1.cohere(boids).y == doctest::Approx(0.) ) is NOT correct!
  values: CHECK( 2 == Approx( 0 ) )

===============================================================================
[doctest] test cases:  2 |  1 passed | 1 failed | 0 skipped
[doctest] assertions: 56 | 54 passed | 2 failed |
[doctest] Status: FAILURE!
<end of output>
Test time =   0.01 sec
----------------------------------------------------------
Test Failed.
"boids.t" end time: Aug 10 05:04 CEST
"boids.t" time elapsed: 00:00:00
----------------------------------------------------------

End testing: Aug 10 05:04 CEST
