Start testing: Sep 05 11:32 CEST
----------------------------------------------------------
1/3 Testing: vector.t
1/3 Test: vector.t
Command: "/home/leospallacci/boids/progetto/build/vector.t"
Directory: /home/leospallacci/boids/progetto/build
"vector.t" start time: Sep 05 11:32 CEST
Output:
----------------------------------------------------------
[doctest] doctest version is "2.4.11"
[doctest] run with "--help" for options
===============================================================================
[doctest] test cases:  2 |  2 passed | 0 failed | 0 skipped
[doctest] assertions: 46 | 46 passed | 0 failed |
[doctest] Status: SUCCESS!
<end of output>
Test time =   0.00 sec
----------------------------------------------------------
Test Passed.
"vector.t" end time: Sep 05 11:32 CEST
"vector.t" time elapsed: 00:00:00
----------------------------------------------------------

2/3 Testing: boid.t
2/3 Test: boid.t
Command: "/home/leospallacci/boids/progetto/build/boid.t"
Directory: /home/leospallacci/boids/progetto/build
"boid.t" start time: Sep 05 11:32 CEST
Output:
----------------------------------------------------------
[doctest] doctest version is "2.4.11"
[doctest] run with "--help" for options
===============================================================================
[doctest] test cases:   2 |   2 passed | 0 failed | 0 skipped
[doctest] assertions: 155 | 155 passed | 0 failed |
[doctest] Status: SUCCESS!
<end of output>
Test time =   0.00 sec
----------------------------------------------------------
Test Passed.
"boid.t" end time: Sep 05 11:32 CEST
"boid.t" time elapsed: 00:00:00
----------------------------------------------------------

3/3 Testing: flock.t
3/3 Test: flock.t
Command: "/home/leospallacci/boids/progetto/build/flock.t"
Directory: /home/leospallacci/boids/progetto/build
"flock.t" start time: Sep 05 11:32 CEST
Output:
----------------------------------------------------------
[doctest] doctest version is "2.4.11"
[doctest] run with "--help" for options
===============================================================================
[doctest] test cases:   1 |   1 passed | 0 failed | 0 skipped
[doctest] assertions: 104 | 104 passed | 0 failed |
[doctest] Status: SUCCESS!
<end of output>
Test time =   0.00 sec
----------------------------------------------------------
Test Passed.
"flock.t" end time: Sep 05 11:32 CEST
"flock.t" time elapsed: 00:00:00
----------------------------------------------------------

End testing: Sep 05 11:32 CEST
